{"H:\\projects\\harris-bruno\\cnc-assistant\\program-vault\\src\\cd.ts": {"path":"H:\\projects\\harris-bruno\\cnc-assistant\\program-vault\\src\\cd.ts","statementMap":{"0":{"start":{"line":1,"column":0},"end":{"line":1,"column":24}},"1":{"start":{"line":4,"column":0},"end":{"line":4,"column":42}},"2":{"start":{"line":12,"column":2},"end":{"line":16,"column":null}},"3":{"start":{"line":13,"column":4},"end":{"line":13,"column":24}},"4":{"start":{"line":15,"column":4},"end":{"line":15,"column":44}},"5":{"start":{"line":18,"column":2},"end":{"line":18,"column":35}},"6":{"start":{"line":9,"column":0},"end":{"line":9,"column":16}}},"fnMap":{"0":{"name":"cd","decl":{"start":{"line":9,"column":16},"end":{"line":9,"column":18}},"loc":{"start":{"line":9,"column":43},"end":{"line":19,"column":1}}}},"branchMap":{"0":{"loc":{"start":{"line":9,"column":40},"end":{"line":9,"column":43}},"type":"default-arg","locations":[{"start":{"line":9,"column":40},"end":{"line":9,"column":43}}]},"1":{"loc":{"start":{"line":12,"column":2},"end":{"line":16,"column":null}},"type":"if","locations":[{"start":{"line":12,"column":2},"end":{"line":16,"column":null}},{"start":{"line":12,"column":2},"end":{"line":16,"column":null}}]}},"s":{"0":8,"1":8,"2":10,"3":2,"4":8,"5":10,"6":8},"f":{"0":10},"b":{"0":[0],"1":[2,8]}}
,"H:\\projects\\harris-bruno\\cnc-assistant\\program-vault\\src\\createNode.ts": {"path":"H:\\projects\\harris-bruno\\cnc-assistant\\program-vault\\src\\createNode.ts","statementMap":{"0":{"start":{"line":1,"column":0},"end":{"line":1,"column":20}},"1":{"start":{"line":2,"column":0},"end":{"line":2,"column":24}},"2":{"start":{"line":17,"column":2},"end":{"line":40,"column":null}},"3":{"start":{"line":20,"column":4},"end":{"line":24,"column":null}},"4":{"start":{"line":21,"column":6},"end":{"line":21,"column":43}},"5":{"start":{"line":23,"column":6},"end":{"line":23,"column":21}},"6":{"start":{"line":26,"column":4},"end":{"line":26,"column":32}},"7":{"start":{"line":28,"column":18},"end":{"line":28,"column":50}},"8":{"start":{"line":30,"column":4},"end":{"line":39,"column":7}},"9":{"start":{"line":42,"column":2},"end":{"line":44,"column":null}},"10":{"start":{"line":43,"column":4},"end":{"line":43,"column":49}},"11":{"start":{"line":46,"column":2},"end":{"line":54,"column":5}},"12":{"start":{"line":13,"column":0},"end":{"line":13,"column":7}}},"fnMap":{"0":{"name":"createNode","decl":{"start":{"line":13,"column":22},"end":{"line":13,"column":32}},"loc":{"start":{"line":15,"column":19},"end":{"line":55,"column":1}}}},"branchMap":{"0":{"loc":{"start":{"line":17,"column":2},"end":{"line":40,"column":null}},"type":"if","locations":[{"start":{"line":17,"column":2},"end":{"line":40,"column":null}},{"start":{"line":17,"column":2},"end":{"line":40,"column":null}}]},"1":{"loc":{"start":{"line":20,"column":4},"end":{"line":24,"column":null}},"type":"if","locations":[{"start":{"line":20,"column":4},"end":{"line":24,"column":null}},{"start":{"line":20,"column":4},"end":{"line":24,"column":null}}]},"2":{"loc":{"start":{"line":42,"column":2},"end":{"line":44,"column":null}},"type":"if","locations":[{"start":{"line":42,"column":2},"end":{"line":44,"column":null}},{"start":{"line":42,"column":2},"end":{"line":44,"column":null}}]}},"s":{"0":8,"1":8,"2":53,"3":41,"4":41,"5":0,"6":41,"7":41,"8":41,"9":12,"10":0,"11":12,"12":8},"f":{"0":53},"b":{"0":[41,12],"1":[41,0],"2":[0,12]}}
,"H:\\projects\\harris-bruno\\cnc-assistant\\program-vault\\src\\filters.ts": {"path":"H:\\projects\\harris-bruno\\cnc-assistant\\program-vault\\src\\filters.ts","statementMap":{"0":{"start":{"line":1,"column":0},"end":{"line":1,"column":43}},"1":{"start":{"line":6,"column":13},"end":{"line":8,"column":2}},"2":{"start":{"line":7,"column":2},"end":{"line":7,"column":42}},"3":{"start":{"line":10,"column":13},"end":{"line":10,"column":63}},"4":{"start":{"line":10,"column":50},"end":{"line":10,"column":61}},"5":{"start":{"line":12,"column":13},"end":{"line":12,"column":67}},"6":{"start":{"line":12,"column":49},"end":{"line":12,"column":65}}},"fnMap":{"0":{"name":"(anonymous_0)","decl":{"start":{"line":6,"column":23},"end":{"line":6,"column":24}},"loc":{"start":{"line":6,"column":45},"end":{"line":8,"column":1}}},"1":{"name":"(anonymous_1)","decl":{"start":{"line":10,"column":32},"end":{"line":10,"column":33}},"loc":{"start":{"line":10,"column":50},"end":{"line":10,"column":61}}},"2":{"name":"(anonymous_2)","decl":{"start":{"line":12,"column":31},"end":{"line":12,"column":32}},"loc":{"start":{"line":12,"column":49},"end":{"line":12,"column":65}}}},"branchMap":{},"s":{"0":8,"1":8,"2":1,"3":8,"4":15,"5":8,"6":16},"f":{"0":1,"1":15,"2":16},"b":{}}
,"H:\\projects\\harris-bruno\\cnc-assistant\\program-vault\\src\\getContents.ts": {"path":"H:\\projects\\harris-bruno\\cnc-assistant\\program-vault\\src\\getContents.ts","statementMap":{"0":{"start":{"line":2,"column":0},"end":{"line":2,"column":26}},"1":{"start":{"line":3,"column":0},"end":{"line":3,"column":38}},"2":{"start":{"line":11,"column":2},"end":{"line":11,"column":49}},"3":{"start":{"line":8,"column":0},"end":{"line":8,"column":16}}},"fnMap":{"0":{"name":"getContents","decl":{"start":{"line":8,"column":16},"end":{"line":8,"column":27}},"loc":{"start":{"line":9,"column":14},"end":{"line":12,"column":1}}}},"branchMap":{"0":{"loc":{"start":{"line":11,"column":23},"end":{"line":11,"column":37}},"type":"cond-expr","locations":[{"start":{"line":11,"column":23},"end":{"line":11,"column":37}},{"start":{"line":11,"column":40},"end":{"line":11,"column":48}}]}},"s":{"0":8,"1":8,"2":0,"3":8},"f":{"0":0},"b":{"0":[0,0]}}
,"H:\\projects\\harris-bruno\\cnc-assistant\\program-vault\\src\\getDirs.ts": {"path":"H:\\projects\\harris-bruno\\cnc-assistant\\program-vault\\src\\getDirs.ts","statementMap":{"0":{"start":{"line":2,"column":0},"end":{"line":2,"column":26}},"1":{"start":{"line":3,"column":0},"end":{"line":3,"column":37}},"2":{"start":{"line":4,"column":0},"end":{"line":4,"column":26}},"3":{"start":{"line":13,"column":15},"end":{"line":13,"column":55}},"4":{"start":{"line":15,"column":15},"end":{"line":15,"column":39}},"5":{"start":{"line":17,"column":2},"end":{"line":17,"column":14}},"6":{"start":{"line":9,"column":0},"end":{"line":9,"column":7}}},"fnMap":{"0":{"name":"getDirs","decl":{"start":{"line":9,"column":22},"end":{"line":9,"column":29}},"loc":{"start":{"line":11,"column":18},"end":{"line":18,"column":1}}}},"branchMap":{"0":{"loc":{"start":{"line":13,"column":25},"end":{"line":13,"column":48}},"type":"cond-expr","locations":[{"start":{"line":13,"column":25},"end":{"line":13,"column":48}},{"start":{"line":13,"column":51},"end":{"line":13,"column":55}}]}},"s":{"0":8,"1":8,"2":8,"3":5,"4":5,"5":5,"6":8},"f":{"0":5},"b":{"0":[2,3]}}
,"H:\\projects\\harris-bruno\\cnc-assistant\\program-vault\\src\\getFiles.ts": {"path":"H:\\projects\\harris-bruno\\cnc-assistant\\program-vault\\src\\getFiles.ts","statementMap":{"0":{"start":{"line":2,"column":0},"end":{"line":2,"column":26}},"1":{"start":{"line":3,"column":0},"end":{"line":3,"column":38}},"2":{"start":{"line":4,"column":0},"end":{"line":4,"column":26}},"3":{"start":{"line":5,"column":0},"end":{"line":5,"column":39}},"4":{"start":{"line":17,"column":15},"end":{"line":17,"column":55}},"5":{"start":{"line":19,"column":16},"end":{"line":19,"column":41}},"6":{"start":{"line":21,"column":2},"end":{"line":23,"column":null}},"7":{"start":{"line":22,"column":4},"end":{"line":22,"column":29}},"8":{"start":{"line":25,"column":2},"end":{"line":25,"column":15}},"9":{"start":{"line":12,"column":0},"end":{"line":12,"column":7}}},"fnMap":{"0":{"name":"getFiles","decl":{"start":{"line":12,"column":22},"end":{"line":12,"column":30}},"loc":{"start":{"line":15,"column":31},"end":{"line":26,"column":1}}}},"branchMap":{"0":{"loc":{"start":{"line":15,"column":12},"end":{"line":15,"column":31}},"type":"default-arg","locations":[{"start":{"line":15,"column":12},"end":{"line":15,"column":31}}]},"1":{"loc":{"start":{"line":17,"column":25},"end":{"line":17,"column":48}},"type":"cond-expr","locations":[{"start":{"line":17,"column":25},"end":{"line":17,"column":48}},{"start":{"line":17,"column":51},"end":{"line":17,"column":55}}]},"2":{"loc":{"start":{"line":21,"column":2},"end":{"line":23,"column":null}},"type":"if","locations":[{"start":{"line":21,"column":2},"end":{"line":23,"column":null}},{"start":{"line":21,"column":2},"end":{"line":23,"column":null}}]}},"s":{"0":8,"1":8,"2":8,"3":8,"4":4,"5":4,"6":4,"7":4,"8":0,"9":8},"f":{"0":4},"b":{"0":[4],"1":[2,2],"2":[4,0]}}
,"H:\\projects\\harris-bruno\\cnc-assistant\\program-vault\\src\\index.ts": {"path":"H:\\projects\\harris-bruno\\cnc-assistant\\program-vault\\src\\index.ts","statementMap":{"0":{"start":{"line":1,"column":0},"end":{"line":1,"column":9}},"1":{"start":{"line":1,"column":9},"end":{"line":1,"column":19}},"2":{"start":{"line":1,"column":19},"end":{"line":1,"column":28}},"3":{"start":{"line":1,"column":28},"end":{"line":1,"column":57}},"4":{"start":{"line":3,"column":0},"end":{"line":3,"column":9}},"5":{"start":{"line":3,"column":9},"end":{"line":3,"column":38}},"6":{"start":{"line":4,"column":0},"end":{"line":4,"column":9}},"7":{"start":{"line":4,"column":9},"end":{"line":4,"column":36}},"8":{"start":{"line":5,"column":0},"end":{"line":5,"column":9}},"9":{"start":{"line":5,"column":9},"end":{"line":5,"column":26}},"10":{"start":{"line":6,"column":0},"end":{"line":6,"column":9}},"11":{"start":{"line":6,"column":9},"end":{"line":6,"column":26}},"12":{"start":{"line":7,"column":0},"end":{"line":7,"column":9}},"13":{"start":{"line":7,"column":9},"end":{"line":7,"column":15}},"14":{"start":{"line":7,"column":15},"end":{"line":7,"column":40}},"15":{"start":{"line":8,"column":0},"end":{"line":8,"column":9}},"16":{"start":{"line":8,"column":9},"end":{"line":8,"column":38}},"17":{"start":{"line":9,"column":0},"end":{"line":9,"column":9}},"18":{"start":{"line":9,"column":9},"end":{"line":9,"column":17}},"19":{"start":{"line":9,"column":17},"end":{"line":9,"column":29}},"20":{"start":{"line":9,"column":29},"end":{"line":9,"column":56}},"21":{"start":{"line":10,"column":0},"end":{"line":10,"column":9}},"22":{"start":{"line":10,"column":9},"end":{"line":10,"column":44}},"23":{"start":{"line":11,"column":0},"end":{"line":11,"column":9}},"24":{"start":{"line":11,"column":9},"end":{"line":11,"column":42}},"25":{"start":{"line":12,"column":0},"end":{"line":12,"column":null}},"26":{"start":{"line":13,"column":2},"end":{"line":13,"column":null}},"27":{"start":{"line":14,"column":2},"end":{"line":14,"column":null}},"28":{"start":{"line":15,"column":2},"end":{"line":15,"column":null}},"29":{"start":{"line":16,"column":2},"end":{"line":16,"column":null}}},"fnMap":{},"branchMap":{},"s":{"0":8,"1":8,"2":8,"3":8,"4":8,"5":8,"6":8,"7":8,"8":8,"9":8,"10":8,"11":8,"12":8,"13":8,"14":8,"15":8,"16":8,"17":8,"18":8,"19":8,"20":8,"21":8,"22":8,"23":8,"24":8,"25":8,"26":8,"27":8,"28":8,"29":8},"f":{},"b":{}}
,"H:\\projects\\harris-bruno\\cnc-assistant\\program-vault\\src\\indexer.ts": {"path":"H:\\projects\\harris-bruno\\cnc-assistant\\program-vault\\src\\indexer.ts","statementMap":{"0":{"start":{"line":1,"column":0},"end":{"line":1,"column":20}},"1":{"start":{"line":2,"column":0},"end":{"line":2,"column":32}},"2":{"start":{"line":3,"column":0},"end":{"line":3,"column":24}},"3":{"start":{"line":4,"column":0},"end":{"line":4,"column":32}},"4":{"start":{"line":12,"column":2},"end":{"line":14,"column":46}},"5":{"start":{"line":13,"column":4},"end":{"line":13,"column":45}},"6":{"start":{"line":11,"column":0},"end":{"line":11,"column":7}},"7":{"start":{"line":21,"column":2},"end":{"line":21,"column":59}},"8":{"start":{"line":20,"column":0},"end":{"line":20,"column":7}}},"fnMap":{"0":{"name":"scan","decl":{"start":{"line":11,"column":22},"end":{"line":11,"column":26}},"loc":{"start":{"line":11,"column":39},"end":{"line":15,"column":1}}},"1":{"name":"(anonymous_2)","decl":{"start":{"line":12,"column":13},"end":{"line":12,"column":18}},"loc":{"start":{"line":12,"column":21},"end":{"line":14,"column":3}}},"2":{"name":"crawl","decl":{"start":{"line":20,"column":22},"end":{"line":20,"column":27}},"loc":{"start":{"line":20,"column":40},"end":{"line":22,"column":1}}}},"branchMap":{},"s":{"0":8,"1":8,"2":8,"3":8,"4":0,"5":0,"6":8,"7":1,"8":8},"f":{"0":0,"1":0,"2":1},"b":{}}
,"H:\\projects\\harris-bruno\\cnc-assistant\\program-vault\\src\\ls.ts": {"path":"H:\\projects\\harris-bruno\\cnc-assistant\\program-vault\\src\\ls.ts","statementMap":{"0":{"start":{"line":1,"column":0},"end":{"line":1,"column":20}},"1":{"start":{"line":2,"column":0},"end":{"line":2,"column":32}},"2":{"start":{"line":3,"column":0},"end":{"line":3,"column":24}},"3":{"start":{"line":6,"column":0},"end":{"line":6,"column":26}},"4":{"start":{"line":7,"column":0},"end":{"line":7,"column":42}},"5":{"start":{"line":16,"column":15},"end":{"line":16,"column":55}},"6":{"start":{"line":18,"column":22},"end":{"line":18,"column":61}},"7":{"start":{"line":21,"column":22},"end":{"line":23,"column":3}},"8":{"start":{"line":22,"column":4},"end":{"line":22,"column":60}},"9":{"start":{"line":25,"column":2},"end":{"line":25,"column":52}},"10":{"start":{"line":12,"column":0},"end":{"line":12,"column":7}}},"fnMap":{"0":{"name":"ls","decl":{"start":{"line":12,"column":22},"end":{"line":12,"column":24}},"loc":{"start":{"line":14,"column":18},"end":{"line":26,"column":1}}},"1":{"name":"(anonymous_2)","decl":{"start":{"line":21,"column":22},"end":{"line":21,"column":23}},"loc":{"start":{"line":21,"column":57},"end":{"line":23,"column":3}}}},"branchMap":{"0":{"loc":{"start":{"line":16,"column":25},"end":{"line":16,"column":48}},"type":"cond-expr","locations":[{"start":{"line":16,"column":25},"end":{"line":16,"column":48}},{"start":{"line":16,"column":51},"end":{"line":16,"column":55}}]}},"s":{"0":8,"1":8,"2":8,"3":8,"4":8,"5":9,"6":9,"7":9,"8":31,"9":9,"10":8},"f":{"0":9,"1":31},"b":{"0":[0,9]}}
,"H:\\projects\\harris-bruno\\cnc-assistant\\program-vault\\src\\readFile.ts": {"path":"H:\\projects\\harris-bruno\\cnc-assistant\\program-vault\\src\\readFile.ts","statementMap":{"0":{"start":{"line":1,"column":0},"end":{"line":1,"column":20}},"1":{"start":{"line":6,"column":2},"end":{"line":8,"column":null}},"2":{"start":{"line":7,"column":4},"end":{"line":7,"column":64}},"3":{"start":{"line":10,"column":2},"end":{"line":16,"column":null}},"4":{"start":{"line":11,"column":19},"end":{"line":11,"column":59}},"5":{"start":{"line":13,"column":4},"end":{"line":13,"column":29}},"6":{"start":{"line":15,"column":4},"end":{"line":15,"column":28}},"7":{"start":{"line":5,"column":0},"end":{"line":5,"column":7}}},"fnMap":{"0":{"name":"readFile","decl":{"start":{"line":5,"column":22},"end":{"line":5,"column":30}},"loc":{"start":{"line":5,"column":43},"end":{"line":17,"column":1}}}},"branchMap":{"0":{"loc":{"start":{"line":6,"column":2},"end":{"line":8,"column":null}},"type":"if","locations":[{"start":{"line":6,"column":2},"end":{"line":8,"column":null}},{"start":{"line":6,"column":2},"end":{"line":8,"column":null}}]}},"s":{"0":8,"1":0,"2":0,"3":0,"4":0,"5":0,"6":0,"7":8},"f":{"0":0},"b":{"0":[0,0]}}
,"H:\\projects\\harris-bruno\\cnc-assistant\\program-vault\\src\\rejects.ts": {"path":"H:\\projects\\harris-bruno\\cnc-assistant\\program-vault\\src\\rejects.ts","statementMap":{"0":{"start":{"line":1,"column":0},"end":{"line":1,"column":38}},"1":{"start":{"line":5,"column":13},"end":{"line":5,"column":61}},"2":{"start":{"line":5,"column":48},"end":{"line":5,"column":59}},"3":{"start":{"line":7,"column":13},"end":{"line":7,"column":65}},"4":{"start":{"line":7,"column":47},"end":{"line":7,"column":63}},"5":{"start":{"line":9,"column":13},"end":{"line":11,"column":2}},"6":{"start":{"line":10,"column":2},"end":{"line":10,"column":27}}},"fnMap":{"0":{"name":"(anonymous_1)","decl":{"start":{"line":5,"column":30},"end":{"line":5,"column":31}},"loc":{"start":{"line":5,"column":48},"end":{"line":5,"column":59}}},"1":{"name":"(anonymous_2)","decl":{"start":{"line":7,"column":29},"end":{"line":7,"column":30}},"loc":{"start":{"line":7,"column":47},"end":{"line":7,"column":63}}},"2":{"name":"(anonymous_3)","decl":{"start":{"line":9,"column":33},"end":{"line":9,"column":34}},"loc":{"start":{"line":10,"column":2},"end":{"line":10,"column":27}}}},"branchMap":{},"s":{"0":8,"1":8,"2":0,"3":8,"4":0,"5":8,"6":13},"f":{"0":0,"1":0,"2":13},"b":{}}
,"H:\\projects\\harris-bruno\\cnc-assistant\\program-vault\\src\\setupInfo.ts": {"path":"H:\\projects\\harris-bruno\\cnc-assistant\\program-vault\\src\\setupInfo.ts","statementMap":{"0":{"start":{"line":1,"column":0},"end":{"line":1,"column":38}},"1":{"start":{"line":4,"column":0},"end":{"line":4,"column":26}},"2":{"start":{"line":5,"column":0},"end":{"line":5,"column":26}},"3":{"start":{"line":7,"column":13},"end":{"line":8,"column":29}},"4":{"start":{"line":8,"column":2},"end":{"line":8,"column":28}},"5":{"start":{"line":10,"column":13},"end":{"line":10,"column":45}},"6":{"start":{"line":12,"column":13},"end":{"line":12,"column":46}},"7":{"start":{"line":18,"column":15},"end":{"line":18,"column":55}},"8":{"start":{"line":20,"column":2},"end":{"line":22,"column":null}},"9":{"start":{"line":21,"column":4},"end":{"line":21,"column":21}},"10":{"start":{"line":24,"column":2},"end":{"line":24,"column":43}},"11":{"start":{"line":14,"column":0},"end":{"line":14,"column":7}}},"fnMap":{"0":{"name":"(anonymous_0)","decl":{"start":{"line":7,"column":27},"end":{"line":7,"column":28}},"loc":{"start":{"line":8,"column":2},"end":{"line":8,"column":28}}},"1":{"name":"getSetupInfo","decl":{"start":{"line":14,"column":22},"end":{"line":14,"column":34}},"loc":{"start":{"line":16,"column":18},"end":{"line":25,"column":1}}}},"branchMap":{"0":{"loc":{"start":{"line":18,"column":25},"end":{"line":18,"column":48}},"type":"cond-expr","locations":[{"start":{"line":18,"column":25},"end":{"line":18,"column":48}},{"start":{"line":18,"column":51},"end":{"line":18,"column":55}}]},"1":{"loc":{"start":{"line":20,"column":2},"end":{"line":22,"column":null}},"type":"if","locations":[{"start":{"line":20,"column":2},"end":{"line":22,"column":null}},{"start":{"line":20,"column":2},"end":{"line":22,"column":null}}]}},"s":{"0":8,"1":8,"2":8,"3":8,"4":0,"5":8,"6":8,"7":0,"8":0,"9":0,"10":0,"11":8},"f":{"0":0,"1":0},"b":{"0":[0,0],"1":[0,0]}}
}
