TN:
SF:H:\projects\harris-bruno\cnc-assistant\program-vault\src\cd.ts
FN:9,cd
FNF:1
FNH:1
FNDA:10,cd
DA:1,8
DA:4,8
DA:9,8
DA:12,10
DA:13,2
DA:15,8
DA:18,10
LF:7
LH:7
BRDA:9,0,0,0
BRDA:12,1,0,2
BRDA:12,1,1,8
BRF:3
BRH:2
end_of_record
TN:
SF:H:\projects\harris-bruno\cnc-assistant\program-vault\src\createNode.ts
FN:13,createNode
FNF:1
FNH:1
FNDA:53,createNode
DA:1,8
DA:2,8
DA:13,8
DA:17,53
DA:20,41
DA:21,41
DA:23,0
DA:26,41
DA:28,41
DA:30,41
DA:42,12
DA:43,0
DA:46,12
LF:13
LH:11
BRDA:17,0,0,41
BRDA:17,0,1,12
BRDA:20,1,0,41
BRDA:20,1,1,0
BRDA:42,2,0,0
BRDA:42,2,1,12
BRF:6
BRH:4
end_of_record
TN:
SF:H:\projects\harris-bruno\cnc-assistant\program-vault\src\filters.ts
FN:6,(anonymous_0)
FN:10,(anonymous_1)
FN:12,(anonymous_2)
FNF:3
FNH:3
FNDA:1,(anonymous_0)
FNDA:15,(anonymous_1)
FNDA:16,(anonymous_2)
DA:1,8
DA:6,8
DA:7,1
DA:10,15
DA:12,16
LF:5
LH:5
BRF:0
BRH:0
end_of_record
TN:
SF:H:\projects\harris-bruno\cnc-assistant\program-vault\src\getContents.ts
FN:8,getContents
FNF:1
FNH:0
FNDA:0,getContents
DA:2,8
DA:3,8
DA:8,8
DA:11,0
LF:4
LH:3
BRDA:11,0,0,0
BRDA:11,0,1,0
BRF:2
BRH:0
end_of_record
TN:
SF:H:\projects\harris-bruno\cnc-assistant\program-vault\src\getDirs.ts
FN:9,getDirs
FNF:1
FNH:1
FNDA:5,getDirs
DA:2,8
DA:3,8
DA:4,8
DA:9,8
DA:13,5
DA:15,5
DA:17,5
LF:7
LH:7
BRDA:13,0,0,2
BRDA:13,0,1,3
BRF:2
BRH:2
end_of_record
TN:
SF:H:\projects\harris-bruno\cnc-assistant\program-vault\src\getFiles.ts
FN:12,getFiles
FNF:1
FNH:1
FNDA:4,getFiles
DA:2,8
DA:3,8
DA:4,8
DA:5,8
DA:12,8
DA:17,4
DA:19,4
DA:21,4
DA:22,4
DA:25,0
LF:10
LH:9
BRDA:15,0,0,4
BRDA:17,1,0,2
BRDA:17,1,1,2
BRDA:21,2,0,4
BRDA:21,2,1,0
BRF:5
BRH:4
end_of_record
TN:
SF:H:\projects\harris-bruno\cnc-assistant\program-vault\src\index.ts
FNF:0
FNH:0
DA:1,8
DA:3,8
DA:4,8
DA:5,8
DA:6,8
DA:7,8
DA:8,8
DA:9,8
DA:10,8
DA:11,8
DA:12,8
DA:13,8
DA:14,8
DA:15,8
DA:16,8
LF:15
LH:15
BRF:0
BRH:0
end_of_record
TN:
SF:H:\projects\harris-bruno\cnc-assistant\program-vault\src\indexer.ts
FN:11,scan
FN:12,(anonymous_2)
FN:20,crawl
FNF:3
FNH:1
FNDA:0,scan
FNDA:0,(anonymous_2)
FNDA:1,crawl
DA:1,8
DA:2,8
DA:3,8
DA:4,8
DA:11,8
DA:12,0
DA:13,0
DA:20,8
DA:21,1
LF:9
LH:7
BRF:0
BRH:0
end_of_record
TN:
SF:H:\projects\harris-bruno\cnc-assistant\program-vault\src\ls.ts
FN:12,ls
FN:21,(anonymous_2)
FNF:2
FNH:2
FNDA:9,ls
FNDA:31,(anonymous_2)
DA:1,8
DA:2,8
DA:3,8
DA:6,8
DA:7,8
DA:12,8
DA:16,9
DA:18,9
DA:21,9
DA:22,31
DA:25,9
LF:11
LH:11
BRDA:16,0,0,0
BRDA:16,0,1,9
BRF:2
BRH:1
end_of_record
TN:
SF:H:\projects\harris-bruno\cnc-assistant\program-vault\src\readFile.ts
FN:5,readFile
FNF:1
FNH:0
FNDA:0,readFile
DA:1,8
DA:5,8
DA:6,0
DA:7,0
DA:10,0
DA:11,0
DA:13,0
DA:15,0
LF:8
LH:2
BRDA:6,0,0,0
BRDA:6,0,1,0
BRF:2
BRH:0
end_of_record
TN:
SF:H:\projects\harris-bruno\cnc-assistant\program-vault\src\rejects.ts
FN:5,(anonymous_1)
FN:7,(anonymous_2)
FN:9,(anonymous_3)
FNF:3
FNH:1
FNDA:0,(anonymous_1)
FNDA:0,(anonymous_2)
FNDA:13,(anonymous_3)
DA:1,8
DA:5,8
DA:7,8
DA:9,8
DA:10,13
LF:5
LH:5
BRF:0
BRH:0
end_of_record
TN:
SF:H:\projects\harris-bruno\cnc-assistant\program-vault\src\setupInfo.ts
FN:7,(anonymous_0)
FN:14,getSetupInfo
FNF:2
FNH:0
FNDA:0,(anonymous_0)
FNDA:0,getSetupInfo
DA:1,8
DA:4,8
DA:5,8
DA:7,8
DA:8,0
DA:10,8
DA:12,8
DA:14,8
DA:18,0
DA:20,0
DA:21,0
DA:24,0
LF:12
LH:7
BRDA:18,0,0,0
BRDA:18,0,1,0
BRDA:20,1,0,0
BRDA:20,1,1,0
BRF:4
BRH:0
end_of_record
